{"level":"error","message":"Error loading routes: Cannot read properties of null (reading '1')","namespace":"router.js:26:12","service":"api-service","stack":"TypeError: Cannot read properties of null (reading '1')\n    at Object.get (/home/ubuntu/create-koa-api/lib/logger.js:33:73)\n    at /home/ubuntu/create-koa-api/middlewares/router.js:21:18\n    at Array.forEach (<anonymous>)\n    at loadRoutes (/home/ubuntu/create-koa-api/middlewares/router.js:14:11)\n    at Object.<anonymous> (/home/ubuntu/create-koa-api/app.js:26:9)\n    at Module._compile (node:internal/modules/cjs/loader:1546:14)\n    at Object..js (node:internal/modules/cjs/loader:1689:10)\n    at Module.load (node:internal/modules/cjs/loader:1318:32)\n    at Function._load (node:internal/modules/cjs/loader:1128:12)\n    at TracingChannel.traceSync (node:diagnostics_channel:315:14)","timestamp":"2024-12-22T16:10:20.722Z"}
{"level":"error","message":"Request Error Test error handling","method":"GET","namespace":"errorHandler","service":"api-service","stack":"Error: Test error handling\n    at /home/ubuntu/create-koa-api/components/middleware-test.js:16:9\n    at dispatch (/home/ubuntu/create-koa-api/node_modules/.pnpm/koa-compose@4.1.0/node_modules/koa-compose/index.js:42:32)\n    at /home/ubuntu/create-koa-api/node_modules/.pnpm/koa-router@13.0.1/node_modules/koa-router/lib/router.js:261:18\n    at dispatch (/home/ubuntu/create-koa-api/node_modules/.pnpm/koa-compose@4.1.0/node_modules/koa-compose/index.js:42:32)\n    at /home/ubuntu/create-koa-api/node_modules/.pnpm/koa-compose@4.1.0/node_modules/koa-compose/index.js:34:12\n    at dispatch (/home/ubuntu/create-koa-api/node_modules/.pnpm/koa-router@13.0.1/node_modules/koa-router/lib/router.js:266:33)\n    at dispatch (/home/ubuntu/create-koa-api/node_modules/.pnpm/koa-compose@4.1.0/node_modules/koa-compose/index.js:42:32)\n    at bodyParser (/home/ubuntu/create-koa-api/node_modules/.pnpm/koa-bodyparser@4.4.1/node_modules/koa-bodyparser/index.js:78:11)\n    at process.processTicksAndRejections (node:internal/process/task_queues:105:5)\n    at async cors (/home/ubuntu/create-koa-api/node_modules/.pnpm/@koa+cors@5.0.0/node_modules/@koa/cors/index.js:109:16)","status":500,"timestamp":"2024-12-22T16:14:04.112Z","url":"/test-middleware/error"}
{"ctx":{"app":{"env":"development","proxy":false,"subdomainOffset":2},"originalUrl":"/test-middleware/error","req":"<original node req>","request":{"header":{"accept":"*/*","host":"localhost:3000","user-agent":"curl/7.81.0"},"method":"GET","url":"/test-middleware/error"},"res":"<original node res>","response":{"header":{"access-control-allow-origin":"*","content-security-policy":"default-src 'self';base-uri 'self';font-src 'self' https: data:;form-action 'self';frame-ancestors 'self';img-src 'self' data:;object-src 'none';script-src 'self';script-src-attr 'none';style-src 'self' https: 'unsafe-inline';upgrade-insecure-requests","content-type":"application/json; charset=utf-8","cross-origin-opener-policy":"same-origin","cross-origin-resource-policy":"same-origin","origin-agent-cluster":"?1","referrer-policy":"no-referrer","strict-transport-security":"max-age=31536000; includeSubDomains","vary":"Origin","x-content-type-options":"nosniff","x-dns-prefetch-control":"off","x-download-options":"noopen","x-frame-options":"SAMEORIGIN","x-permitted-cross-domain-policies":"none","x-xss-protection":"0"},"message":"Internal Server Error","status":500},"socket":"<original node socket>"},"error":"Test error handling","level":"error","message":"Server Error","namespace":"app","service":"api-service","stack":"Error: Test error handling\n    at /home/ubuntu/create-koa-api/components/middleware-test.js:16:9\n    at dispatch (/home/ubuntu/create-koa-api/node_modules/.pnpm/koa-compose@4.1.0/node_modules/koa-compose/index.js:42:32)\n    at /home/ubuntu/create-koa-api/node_modules/.pnpm/koa-router@13.0.1/node_modules/koa-router/lib/router.js:261:18\n    at dispatch (/home/ubuntu/create-koa-api/node_modules/.pnpm/koa-compose@4.1.0/node_modules/koa-compose/index.js:42:32)\n    at /home/ubuntu/create-koa-api/node_modules/.pnpm/koa-compose@4.1.0/node_modules/koa-compose/index.js:34:12\n    at dispatch (/home/ubuntu/create-koa-api/node_modules/.pnpm/koa-router@13.0.1/node_modules/koa-router/lib/router.js:266:33)\n    at dispatch (/home/ubuntu/create-koa-api/node_modules/.pnpm/koa-compose@4.1.0/node_modules/koa-compose/index.js:42:32)\n    at bodyParser (/home/ubuntu/create-koa-api/node_modules/.pnpm/koa-bodyparser@4.4.1/node_modules/koa-bodyparser/index.js:78:11)\n    at process.processTicksAndRejections (node:internal/process/task_queues:105:5)\n    at async cors (/home/ubuntu/create-koa-api/node_modules/.pnpm/@koa+cors@5.0.0/node_modules/@koa/cors/index.js:109:16)","timestamp":"2024-12-22T16:14:04.112Z"}
2024-12-22T16:14:56 [logger-test:error]: Testing error level logging
{
  "service": "api-service",
  "error": {}
}
2024-12-22T16:15:20 [logger-test:error]: Testing error level logging
{
  "error": {
    "message": "Test error",
    "stack": "Error: Test error\n    at Object.<anonymous> (/home/ubuntu/create-koa-api/test/logger-test.js:5:54)\n    at Module._compile (node:internal/modules/cjs/loader:1546:14)\n    at Object..js (node:internal/modules/cjs/loader:1689:10)\n    at Module.load (node:internal/modules/cjs/loader:1318:32)\n    at Function._load (node:internal/modules/cjs/loader:1128:12)\n    at TracingChannel.traceSync (node:diagnostics_channel:315:14)\n    at wrapModuleLoad (node:internal/modules/cjs/loader:218:24)\n    at Function.executeUserEntryPoint [as runMain] (node:internal/modules/run_main:170:5)\n    at node:internal/main/run_main_module:36:49"
  }
}
2024-12-22T16:18:24 [cli:error]: Error creating project: Command failed: pnpm init -y
 ERROR  Unknown option: 'y'
For help, run: pnpm help init

{
  "status": 1,
  "signal": null,
  "output": [
    null,
    {
      "type": "Buffer",
      "data": []
    },
    {
      "type": "Buffer",
      "data": [
        226,
        128,
        137,
        69,
        82,
        82,
        79,
        82,
        226,
        128,
        137,
        32,
        85,
        110,
        107,
        110,
        111,
        119,
        110,
        32,
        111,
        112,
        116,
        105,
        111,
        110,
        58,
        32,
        39,
        121,
        39,
        10,
        70,
        111,
        114,
        32,
        104,
        101,
        108,
        112,
        44,
        32,
        114,
        117,
        110,
        58,
        32,
        112,
        110,
        112,
        109,
        32,
        104,
        101,
        108,
        112,
        32,
        105,
        110,
        105,
        116,
        10
      ]
    }
  ],
  "pid": 24087,
  "stdout": {
    "type": "Buffer",
    "data": []
  },
  "stderr": {
    "type": "Buffer",
    "data": [
      226,
      128,
      137,
      69,
      82,
      82,
      79,
      82,
      226,
      128,
      137,
      32,
      85,
      110,
      107,
      110,
      111,
      119,
      110,
      32,
      111,
      112,
      116,
      105,
      111,
      110,
      58,
      32,
      39,
      121,
      39,
      10,
      70,
      111,
      114,
      32,
      104,
      101,
      108,
      112,
      44,
      32,
      114,
      117,
      110,
      58,
      32,
      112,
      110,
      112,
      109,
      32,
      104,
      101,
      108,
      112,
      32,
      105,
      110,
      105,
      116,
      10
    ]
  },
  "stack": "Error: Command failed: pnpm init -y\n ERROR  Unknown option: 'y'\nFor help, run: pnpm help init\n\n    at genericNodeError (node:internal/errors:983:15)\n    at wrappedFn (node:internal/errors:537:14)\n    at checkExecSyncError (node:child_process:888:11)\n    at execSync (node:child_process:960:15)\n    at Command.<anonymous> (/home/ubuntu/create-koa-api/bin/cli.js:45:7)\n    at process.processTicksAndRejections (node:internal/process/task_queues:105:5)"
}
